<?xml version="1.0" encoding="UTF-8"?>
<testsuite xmlns:xsi="http://www.w3.org/2001/XMLSchema-instance" xsi:noNamespaceSchemaLocation="https://maven.apache.org/surefire/maven-surefire-plugin/xsd/surefire-test-report.xsd" name="com.helloworld.helloworld.HelloworldApplicationTests" time="9.705" tests="1" errors="0" skipped="0" failures="0">
  <properties>
    <property name="gopherProxySet" value="false"/>
    <property name="awt.toolkit" value="sun.lwawt.macosx.LWCToolkit"/>
    <property name="java.specification.version" value="11"/>
    <property name="sun.cpu.isalist" value=""/>
    <property name="sun.jnu.encoding" value="UTF-8"/>
    <property name="java.class.path" value="/Users/thiele/Library/Mobile Documents/iCloud~is~workflow~my~workflows/Documents/programas-java-spring/hello-world-docker/hello-world-docker/target/test-classes:/Users/thiele/Library/Mobile Documents/iCloud~is~workflow~my~workflows/Documents/programas-java-spring/hello-world-docker/hello-world-docker/target/classes:/Users/thiele/.m2/repository/org/springframework/boot/spring-boot-starter-web/2.3.1.RELEASE/spring-boot-starter-web-2.3.1.RELEASE.jar:/Users/thiele/.m2/repository/org/springframework/boot/spring-boot-starter/2.3.1.RELEASE/spring-boot-starter-2.3.1.RELEASE.jar:/Users/thiele/.m2/repository/org/springframework/boot/spring-boot/2.3.1.RELEASE/spring-boot-2.3.1.RELEASE.jar:/Users/thiele/.m2/repository/org/springframework/boot/spring-boot-autoconfigure/2.3.1.RELEASE/spring-boot-autoconfigure-2.3.1.RELEASE.jar:/Users/thiele/.m2/repository/org/springframework/boot/spring-boot-starter-logging/2.3.1.RELEASE/spring-boot-starter-logging-2.3.1.RELEASE.jar:/Users/thiele/.m2/repository/org/apache/logging/log4j/log4j-to-slf4j/2.13.3/log4j-to-slf4j-2.13.3.jar:/Users/thiele/.m2/repository/org/apache/logging/log4j/log4j-api/2.13.3/log4j-api-2.13.3.jar:/Users/thiele/.m2/repository/org/slf4j/jul-to-slf4j/1.7.30/jul-to-slf4j-1.7.30.jar:/Users/thiele/.m2/repository/jakarta/annotation/jakarta.annotation-api/1.3.5/jakarta.annotation-api-1.3.5.jar:/Users/thiele/.m2/repository/org/yaml/snakeyaml/1.26/snakeyaml-1.26.jar:/Users/thiele/.m2/repository/org/springframework/boot/spring-boot-starter-json/2.3.1.RELEASE/spring-boot-starter-json-2.3.1.RELEASE.jar:/Users/thiele/.m2/repository/com/fasterxml/jackson/datatype/jackson-datatype-jdk8/2.11.0/jackson-datatype-jdk8-2.11.0.jar:/Users/thiele/.m2/repository/com/fasterxml/jackson/datatype/jackson-datatype-jsr310/2.11.0/jackson-datatype-jsr310-2.11.0.jar:/Users/thiele/.m2/repository/com/fasterxml/jackson/module/jackson-module-parameter-names/2.11.0/jackson-module-parameter-names-2.11.0.jar:/Users/thiele/.m2/repository/org/springframework/boot/spring-boot-starter-tomcat/2.3.1.RELEASE/spring-boot-starter-tomcat-2.3.1.RELEASE.jar:/Users/thiele/.m2/repository/org/apache/tomcat/embed/tomcat-embed-core/9.0.36/tomcat-embed-core-9.0.36.jar:/Users/thiele/.m2/repository/org/glassfish/jakarta.el/3.0.3/jakarta.el-3.0.3.jar:/Users/thiele/.m2/repository/org/apache/tomcat/embed/tomcat-embed-websocket/9.0.36/tomcat-embed-websocket-9.0.36.jar:/Users/thiele/.m2/repository/org/springframework/spring-web/5.2.7.RELEASE/spring-web-5.2.7.RELEASE.jar:/Users/thiele/.m2/repository/org/springframework/spring-beans/5.2.7.RELEASE/spring-beans-5.2.7.RELEASE.jar:/Users/thiele/.m2/repository/org/springframework/spring-webmvc/5.2.7.RELEASE/spring-webmvc-5.2.7.RELEASE.jar:/Users/thiele/.m2/repository/org/springframework/spring-aop/5.2.7.RELEASE/spring-aop-5.2.7.RELEASE.jar:/Users/thiele/.m2/repository/org/springframework/spring-context/5.2.7.RELEASE/spring-context-5.2.7.RELEASE.jar:/Users/thiele/.m2/repository/org/springframework/spring-expression/5.2.7.RELEASE/spring-expression-5.2.7.RELEASE.jar:/Users/thiele/.m2/repository/org/projectlombok/lombok/1.18.12/lombok-1.18.12.jar:/Users/thiele/.m2/repository/org/springframework/boot/spring-boot-starter-test/2.3.1.RELEASE/spring-boot-starter-test-2.3.1.RELEASE.jar:/Users/thiele/.m2/repository/org/springframework/boot/spring-boot-test/2.3.1.RELEASE/spring-boot-test-2.3.1.RELEASE.jar:/Users/thiele/.m2/repository/org/springframework/boot/spring-boot-test-autoconfigure/2.3.1.RELEASE/spring-boot-test-autoconfigure-2.3.1.RELEASE.jar:/Users/thiele/.m2/repository/com/jayway/jsonpath/json-path/2.4.0/json-path-2.4.0.jar:/Users/thiele/.m2/repository/net/minidev/json-smart/2.3/json-smart-2.3.jar:/Users/thiele/.m2/repository/net/minidev/accessors-smart/1.2/accessors-smart-1.2.jar:/Users/thiele/.m2/repository/jakarta/xml/bind/jakarta.xml.bind-api/2.3.3/jakarta.xml.bind-api-2.3.3.jar:/Users/thiele/.m2/repository/jakarta/activation/jakarta.activation-api/1.2.2/jakarta.activation-api-1.2.2.jar:/Users/thiele/.m2/repository/org/assertj/assertj-core/3.16.1/assertj-core-3.16.1.jar:/Users/thiele/.m2/repository/org/hamcrest/hamcrest/2.2/hamcrest-2.2.jar:/Users/thiele/.m2/repository/org/junit/jupiter/junit-jupiter/5.6.2/junit-jupiter-5.6.2.jar:/Users/thiele/.m2/repository/org/junit/jupiter/junit-jupiter-api/5.6.2/junit-jupiter-api-5.6.2.jar:/Users/thiele/.m2/repository/org/apiguardian/apiguardian-api/1.1.0/apiguardian-api-1.1.0.jar:/Users/thiele/.m2/repository/org/opentest4j/opentest4j/1.2.0/opentest4j-1.2.0.jar:/Users/thiele/.m2/repository/org/junit/platform/junit-platform-commons/1.6.2/junit-platform-commons-1.6.2.jar:/Users/thiele/.m2/repository/org/junit/jupiter/junit-jupiter-params/5.6.2/junit-jupiter-params-5.6.2.jar:/Users/thiele/.m2/repository/org/junit/jupiter/junit-jupiter-engine/5.6.2/junit-jupiter-engine-5.6.2.jar:/Users/thiele/.m2/repository/org/junit/platform/junit-platform-engine/1.6.2/junit-platform-engine-1.6.2.jar:/Users/thiele/.m2/repository/org/mockito/mockito-core/3.3.3/mockito-core-3.3.3.jar:/Users/thiele/.m2/repository/net/bytebuddy/byte-buddy/1.10.11/byte-buddy-1.10.11.jar:/Users/thiele/.m2/repository/net/bytebuddy/byte-buddy-agent/1.10.11/byte-buddy-agent-1.10.11.jar:/Users/thiele/.m2/repository/org/objenesis/objenesis/2.6/objenesis-2.6.jar:/Users/thiele/.m2/repository/org/mockito/mockito-junit-jupiter/3.3.3/mockito-junit-jupiter-3.3.3.jar:/Users/thiele/.m2/repository/org/skyscreamer/jsonassert/1.5.0/jsonassert-1.5.0.jar:/Users/thiele/.m2/repository/com/vaadin/external/google/android-json/0.0.20131108.vaadin1/android-json-0.0.20131108.vaadin1.jar:/Users/thiele/.m2/repository/org/springframework/spring-core/5.2.7.RELEASE/spring-core-5.2.7.RELEASE.jar:/Users/thiele/.m2/repository/org/springframework/spring-jcl/5.2.7.RELEASE/spring-jcl-5.2.7.RELEASE.jar:/Users/thiele/.m2/repository/org/springframework/spring-test/5.2.7.RELEASE/spring-test-5.2.7.RELEASE.jar:/Users/thiele/.m2/repository/org/xmlunit/xmlunit-core/2.7.0/xmlunit-core-2.7.0.jar:/Users/thiele/.m2/repository/com/datastax/oss/java-driver-core/4.7.2/java-driver-core-4.7.2.jar:/Users/thiele/.m2/repository/com/datastax/oss/native-protocol/1.4.10/native-protocol-1.4.10.jar:/Users/thiele/.m2/repository/io/netty/netty-handler/4.1.50.Final/netty-handler-4.1.50.Final.jar:/Users/thiele/.m2/repository/io/netty/netty-common/4.1.50.Final/netty-common-4.1.50.Final.jar:/Users/thiele/.m2/repository/io/netty/netty-resolver/4.1.50.Final/netty-resolver-4.1.50.Final.jar:/Users/thiele/.m2/repository/io/netty/netty-buffer/4.1.50.Final/netty-buffer-4.1.50.Final.jar:/Users/thiele/.m2/repository/io/netty/netty-transport/4.1.50.Final/netty-transport-4.1.50.Final.jar:/Users/thiele/.m2/repository/io/netty/netty-codec/4.1.50.Final/netty-codec-4.1.50.Final.jar:/Users/thiele/.m2/repository/com/datastax/oss/java-driver-shaded-guava/25.1-jre/java-driver-shaded-guava-25.1-jre.jar:/Users/thiele/.m2/repository/com/typesafe/config/1.3.4/config-1.3.4.jar:/Users/thiele/.m2/repository/com/github/jnr/jnr-posix/3.0.50/jnr-posix-3.0.50.jar:/Users/thiele/.m2/repository/com/github/jnr/jnr-ffi/2.1.10/jnr-ffi-2.1.10.jar:/Users/thiele/.m2/repository/com/github/jnr/jffi/1.2.19/jffi-1.2.19.jar:/Users/thiele/.m2/repository/com/github/jnr/jffi/1.2.19/jffi-1.2.19-native.jar:/Users/thiele/.m2/repository/org/ow2/asm/asm/7.1/asm-7.1.jar:/Users/thiele/.m2/repository/org/ow2/asm/asm-commons/7.1/asm-commons-7.1.jar:/Users/thiele/.m2/repository/org/ow2/asm/asm-analysis/7.1/asm-analysis-7.1.jar:/Users/thiele/.m2/repository/org/ow2/asm/asm-tree/7.1/asm-tree-7.1.jar:/Users/thiele/.m2/repository/org/ow2/asm/asm-util/7.1/asm-util-7.1.jar:/Users/thiele/.m2/repository/com/github/jnr/jnr-a64asm/1.0.0/jnr-a64asm-1.0.0.jar:/Users/thiele/.m2/repository/com/github/jnr/jnr-x86asm/1.0.2/jnr-x86asm-1.0.2.jar:/Users/thiele/.m2/repository/com/github/jnr/jnr-constants/0.9.12/jnr-constants-0.9.12.jar:/Users/thiele/.m2/repository/org/javatuples/javatuples/1.2/javatuples-1.2.jar:/Users/thiele/.m2/repository/org/slf4j/slf4j-api/1.7.30/slf4j-api-1.7.30.jar:/Users/thiele/.m2/repository/io/dropwizard/metrics/metrics-core/4.1.9/metrics-core-4.1.9.jar:/Users/thiele/.m2/repository/org/hdrhistogram/HdrHistogram/2.1.11/HdrHistogram-2.1.11.jar:/Users/thiele/.m2/repository/com/esri/geometry/esri-geometry-api/1.2.1/esri-geometry-api-1.2.1.jar:/Users/thiele/.m2/repository/org/json/json/20090211/json-20090211.jar:/Users/thiele/.m2/repository/org/codehaus/jackson/jackson-core-asl/1.9.12/jackson-core-asl-1.9.12.jar:/Users/thiele/.m2/repository/org/apache/tinkerpop/gremlin-core/3.4.5/gremlin-core-3.4.5.jar:/Users/thiele/.m2/repository/org/apache/tinkerpop/gremlin-shaded/3.4.5/gremlin-shaded-3.4.5.jar:/Users/thiele/.m2/repository/commons-configuration/commons-configuration/1.10/commons-configuration-1.10.jar:/Users/thiele/.m2/repository/commons-lang/commons-lang/2.6/commons-lang-2.6.jar:/Users/thiele/.m2/repository/commons-collections/commons-collections/3.2.2/commons-collections-3.2.2.jar:/Users/thiele/.m2/repository/org/apache/commons/commons-lang3/3.10/commons-lang3-3.10.jar:/Users/thiele/.m2/repository/com/carrotsearch/hppc/0.7.1/hppc-0.7.1.jar:/Users/thiele/.m2/repository/com/jcabi/jcabi-manifests/1.1/jcabi-manifests-1.1.jar:/Users/thiele/.m2/repository/com/jcabi/jcabi-log/0.14/jcabi-log-0.14.jar:/Users/thiele/.m2/repository/com/squareup/javapoet/1.8.0/javapoet-1.8.0.jar:/Users/thiele/.m2/repository/net/objecthunter/exp4j/0.4.8/exp4j-0.4.8.jar:/Users/thiele/.m2/repository/org/apache/tinkerpop/tinkergraph-gremlin/3.4.5/tinkergraph-gremlin-3.4.5.jar:/Users/thiele/.m2/repository/org/apache/tinkerpop/gremlin-driver/3.4.5/gremlin-driver-3.4.5.jar:/Users/thiele/.m2/repository/org/codehaus/groovy/groovy/2.5.7/groovy-2.5.7-indy.jar:/Users/thiele/.m2/repository/org/codehaus/groovy/groovy-json/2.5.7/groovy-json-2.5.7-indy.jar:/Users/thiele/.m2/repository/com/fasterxml/jackson/core/jackson-core/2.11.0/jackson-core-2.11.0.jar:/Users/thiele/.m2/repository/com/fasterxml/jackson/core/jackson-databind/2.11.0/jackson-databind-2.11.0.jar:/Users/thiele/.m2/repository/com/fasterxml/jackson/core/jackson-annotations/2.11.0/jackson-annotations-2.11.0.jar:/Users/thiele/.m2/repository/org/reactivestreams/reactive-streams/1.0.3/reactive-streams-1.0.3.jar:/Users/thiele/.m2/repository/com/github/stephenc/jcip/jcip-annotations/1.0-1/jcip-annotations-1.0-1.jar:/Users/thiele/.m2/repository/com/github/spotbugs/spotbugs-annotations/3.1.12/spotbugs-annotations-3.1.12.jar:/Users/thiele/.m2/repository/com/google/code/findbugs/jsr305/3.0.2/jsr305-3.0.2.jar:/Users/thiele/.m2/repository/com/datastax/oss/java-driver-query-builder/4.8.0/java-driver-query-builder-4.8.0.jar:/Users/thiele/.m2/repository/com/datastax/oss/java-driver-mapper-runtime/4.7.2/java-driver-mapper-runtime-4.7.2.jar:/Users/thiele/.m2/repository/ch/qos/logback/logback-classic/1.2.3/logback-classic-1.2.3.jar:/Users/thiele/.m2/repository/ch/qos/logback/logback-core/1.2.3/logback-core-1.2.3.jar:/Users/thiele/.m2/repository/software/aws/mcs/aws-sigv4-auth-cassandra-java-driver-plugin/4.0.3/aws-sigv4-auth-cassandra-java-driver-plugin-4.0.3.jar:/Users/thiele/.m2/repository/com/amazonaws/aws-java-sdk-core/1.11.717/aws-java-sdk-core-1.11.717.jar:/Users/thiele/.m2/repository/commons-logging/commons-logging/1.1.3/commons-logging-1.1.3.jar:/Users/thiele/.m2/repository/org/apache/httpcomponents/httpclient/4.5.12/httpclient-4.5.12.jar:/Users/thiele/.m2/repository/org/apache/httpcomponents/httpcore/4.4.13/httpcore-4.4.13.jar:/Users/thiele/.m2/repository/commons-codec/commons-codec/1.14/commons-codec-1.14.jar:/Users/thiele/.m2/repository/software/amazon/ion/ion-java/1.0.2/ion-java-1.0.2.jar:/Users/thiele/.m2/repository/com/fasterxml/jackson/dataformat/jackson-dataformat-cbor/2.11.0/jackson-dataformat-cbor-2.11.0.jar:/Users/thiele/.m2/repository/joda-time/joda-time/2.8.1/joda-time-2.8.1.jar:/Users/thiele/.m2/repository/javax/validation/validation-api/2.0.1.Final/validation-api-2.0.1.Final.jar:"/>
    <property name="java.vm.vendor" value="Amazon.com Inc."/>
    <property name="sun.arch.data.model" value="64"/>
    <property name="java.vendor.url" value="https://aws.amazon.com/corretto/"/>
    <property name="user.timezone" value=""/>
    <property name="java.vm.specification.version" value="11"/>
    <property name="os.name" value="Mac OS X"/>
    <property name="sun.java.launcher" value="SUN_STANDARD"/>
    <property name="user.country" value="US"/>
    <property name="sun.boot.library.path" value="/Library/Java/JavaVirtualMachines/amazon-corretto-11.jdk/Contents/Home/lib"/>
    <property name="sun.java.command" value="/Users/thiele/Library/Mobile Documents/iCloud~is~workflow~my~workflows/Documents/programas-java-spring/hello-world-docker/hello-world-docker/target/surefire/surefirebooter13643230781134170551.jar /Users/thiele/Library/Mobile Documents/iCloud~is~workflow~my~workflows/Documents/programas-java-spring/hello-world-docker/hello-world-docker/target/surefire 2020-08-14T12-41-03_058-jvmRun1 surefire4191569652853313489tmp surefire_015632350195564187049tmp"/>
    <property name="http.nonProxyHosts" value="local|*.local|169.254/16|*.169.254/16"/>
    <property name="jdk.debug" value="release"/>
    <property name="surefire.test.class.path" value="/Users/thiele/Library/Mobile Documents/iCloud~is~workflow~my~workflows/Documents/programas-java-spring/hello-world-docker/hello-world-docker/target/test-classes:/Users/thiele/Library/Mobile Documents/iCloud~is~workflow~my~workflows/Documents/programas-java-spring/hello-world-docker/hello-world-docker/target/classes:/Users/thiele/.m2/repository/org/springframework/boot/spring-boot-starter-web/2.3.1.RELEASE/spring-boot-starter-web-2.3.1.RELEASE.jar:/Users/thiele/.m2/repository/org/springframework/boot/spring-boot-starter/2.3.1.RELEASE/spring-boot-starter-2.3.1.RELEASE.jar:/Users/thiele/.m2/repository/org/springframework/boot/spring-boot/2.3.1.RELEASE/spring-boot-2.3.1.RELEASE.jar:/Users/thiele/.m2/repository/org/springframework/boot/spring-boot-autoconfigure/2.3.1.RELEASE/spring-boot-autoconfigure-2.3.1.RELEASE.jar:/Users/thiele/.m2/repository/org/springframework/boot/spring-boot-starter-logging/2.3.1.RELEASE/spring-boot-starter-logging-2.3.1.RELEASE.jar:/Users/thiele/.m2/repository/org/apache/logging/log4j/log4j-to-slf4j/2.13.3/log4j-to-slf4j-2.13.3.jar:/Users/thiele/.m2/repository/org/apache/logging/log4j/log4j-api/2.13.3/log4j-api-2.13.3.jar:/Users/thiele/.m2/repository/org/slf4j/jul-to-slf4j/1.7.30/jul-to-slf4j-1.7.30.jar:/Users/thiele/.m2/repository/jakarta/annotation/jakarta.annotation-api/1.3.5/jakarta.annotation-api-1.3.5.jar:/Users/thiele/.m2/repository/org/yaml/snakeyaml/1.26/snakeyaml-1.26.jar:/Users/thiele/.m2/repository/org/springframework/boot/spring-boot-starter-json/2.3.1.RELEASE/spring-boot-starter-json-2.3.1.RELEASE.jar:/Users/thiele/.m2/repository/com/fasterxml/jackson/datatype/jackson-datatype-jdk8/2.11.0/jackson-datatype-jdk8-2.11.0.jar:/Users/thiele/.m2/repository/com/fasterxml/jackson/datatype/jackson-datatype-jsr310/2.11.0/jackson-datatype-jsr310-2.11.0.jar:/Users/thiele/.m2/repository/com/fasterxml/jackson/module/jackson-module-parameter-names/2.11.0/jackson-module-parameter-names-2.11.0.jar:/Users/thiele/.m2/repository/org/springframework/boot/spring-boot-starter-tomcat/2.3.1.RELEASE/spring-boot-starter-tomcat-2.3.1.RELEASE.jar:/Users/thiele/.m2/repository/org/apache/tomcat/embed/tomcat-embed-core/9.0.36/tomcat-embed-core-9.0.36.jar:/Users/thiele/.m2/repository/org/glassfish/jakarta.el/3.0.3/jakarta.el-3.0.3.jar:/Users/thiele/.m2/repository/org/apache/tomcat/embed/tomcat-embed-websocket/9.0.36/tomcat-embed-websocket-9.0.36.jar:/Users/thiele/.m2/repository/org/springframework/spring-web/5.2.7.RELEASE/spring-web-5.2.7.RELEASE.jar:/Users/thiele/.m2/repository/org/springframework/spring-beans/5.2.7.RELEASE/spring-beans-5.2.7.RELEASE.jar:/Users/thiele/.m2/repository/org/springframework/spring-webmvc/5.2.7.RELEASE/spring-webmvc-5.2.7.RELEASE.jar:/Users/thiele/.m2/repository/org/springframework/spring-aop/5.2.7.RELEASE/spring-aop-5.2.7.RELEASE.jar:/Users/thiele/.m2/repository/org/springframework/spring-context/5.2.7.RELEASE/spring-context-5.2.7.RELEASE.jar:/Users/thiele/.m2/repository/org/springframework/spring-expression/5.2.7.RELEASE/spring-expression-5.2.7.RELEASE.jar:/Users/thiele/.m2/repository/org/projectlombok/lombok/1.18.12/lombok-1.18.12.jar:/Users/thiele/.m2/repository/org/springframework/boot/spring-boot-starter-test/2.3.1.RELEASE/spring-boot-starter-test-2.3.1.RELEASE.jar:/Users/thiele/.m2/repository/org/springframework/boot/spring-boot-test/2.3.1.RELEASE/spring-boot-test-2.3.1.RELEASE.jar:/Users/thiele/.m2/repository/org/springframework/boot/spring-boot-test-autoconfigure/2.3.1.RELEASE/spring-boot-test-autoconfigure-2.3.1.RELEASE.jar:/Users/thiele/.m2/repository/com/jayway/jsonpath/json-path/2.4.0/json-path-2.4.0.jar:/Users/thiele/.m2/repository/net/minidev/json-smart/2.3/json-smart-2.3.jar:/Users/thiele/.m2/repository/net/minidev/accessors-smart/1.2/accessors-smart-1.2.jar:/Users/thiele/.m2/repository/jakarta/xml/bind/jakarta.xml.bind-api/2.3.3/jakarta.xml.bind-api-2.3.3.jar:/Users/thiele/.m2/repository/jakarta/activation/jakarta.activation-api/1.2.2/jakarta.activation-api-1.2.2.jar:/Users/thiele/.m2/repository/org/assertj/assertj-core/3.16.1/assertj-core-3.16.1.jar:/Users/thiele/.m2/repository/org/hamcrest/hamcrest/2.2/hamcrest-2.2.jar:/Users/thiele/.m2/repository/org/junit/jupiter/junit-jupiter/5.6.2/junit-jupiter-5.6.2.jar:/Users/thiele/.m2/repository/org/junit/jupiter/junit-jupiter-api/5.6.2/junit-jupiter-api-5.6.2.jar:/Users/thiele/.m2/repository/org/apiguardian/apiguardian-api/1.1.0/apiguardian-api-1.1.0.jar:/Users/thiele/.m2/repository/org/opentest4j/opentest4j/1.2.0/opentest4j-1.2.0.jar:/Users/thiele/.m2/repository/org/junit/platform/junit-platform-commons/1.6.2/junit-platform-commons-1.6.2.jar:/Users/thiele/.m2/repository/org/junit/jupiter/junit-jupiter-params/5.6.2/junit-jupiter-params-5.6.2.jar:/Users/thiele/.m2/repository/org/junit/jupiter/junit-jupiter-engine/5.6.2/junit-jupiter-engine-5.6.2.jar:/Users/thiele/.m2/repository/org/junit/platform/junit-platform-engine/1.6.2/junit-platform-engine-1.6.2.jar:/Users/thiele/.m2/repository/org/mockito/mockito-core/3.3.3/mockito-core-3.3.3.jar:/Users/thiele/.m2/repository/net/bytebuddy/byte-buddy/1.10.11/byte-buddy-1.10.11.jar:/Users/thiele/.m2/repository/net/bytebuddy/byte-buddy-agent/1.10.11/byte-buddy-agent-1.10.11.jar:/Users/thiele/.m2/repository/org/objenesis/objenesis/2.6/objenesis-2.6.jar:/Users/thiele/.m2/repository/org/mockito/mockito-junit-jupiter/3.3.3/mockito-junit-jupiter-3.3.3.jar:/Users/thiele/.m2/repository/org/skyscreamer/jsonassert/1.5.0/jsonassert-1.5.0.jar:/Users/thiele/.m2/repository/com/vaadin/external/google/android-json/0.0.20131108.vaadin1/android-json-0.0.20131108.vaadin1.jar:/Users/thiele/.m2/repository/org/springframework/spring-core/5.2.7.RELEASE/spring-core-5.2.7.RELEASE.jar:/Users/thiele/.m2/repository/org/springframework/spring-jcl/5.2.7.RELEASE/spring-jcl-5.2.7.RELEASE.jar:/Users/thiele/.m2/repository/org/springframework/spring-test/5.2.7.RELEASE/spring-test-5.2.7.RELEASE.jar:/Users/thiele/.m2/repository/org/xmlunit/xmlunit-core/2.7.0/xmlunit-core-2.7.0.jar:/Users/thiele/.m2/repository/com/datastax/oss/java-driver-core/4.7.2/java-driver-core-4.7.2.jar:/Users/thiele/.m2/repository/com/datastax/oss/native-protocol/1.4.10/native-protocol-1.4.10.jar:/Users/thiele/.m2/repository/io/netty/netty-handler/4.1.50.Final/netty-handler-4.1.50.Final.jar:/Users/thiele/.m2/repository/io/netty/netty-common/4.1.50.Final/netty-common-4.1.50.Final.jar:/Users/thiele/.m2/repository/io/netty/netty-resolver/4.1.50.Final/netty-resolver-4.1.50.Final.jar:/Users/thiele/.m2/repository/io/netty/netty-buffer/4.1.50.Final/netty-buffer-4.1.50.Final.jar:/Users/thiele/.m2/repository/io/netty/netty-transport/4.1.50.Final/netty-transport-4.1.50.Final.jar:/Users/thiele/.m2/repository/io/netty/netty-codec/4.1.50.Final/netty-codec-4.1.50.Final.jar:/Users/thiele/.m2/repository/com/datastax/oss/java-driver-shaded-guava/25.1-jre/java-driver-shaded-guava-25.1-jre.jar:/Users/thiele/.m2/repository/com/typesafe/config/1.3.4/config-1.3.4.jar:/Users/thiele/.m2/repository/com/github/jnr/jnr-posix/3.0.50/jnr-posix-3.0.50.jar:/Users/thiele/.m2/repository/com/github/jnr/jnr-ffi/2.1.10/jnr-ffi-2.1.10.jar:/Users/thiele/.m2/repository/com/github/jnr/jffi/1.2.19/jffi-1.2.19.jar:/Users/thiele/.m2/repository/com/github/jnr/jffi/1.2.19/jffi-1.2.19-native.jar:/Users/thiele/.m2/repository/org/ow2/asm/asm/7.1/asm-7.1.jar:/Users/thiele/.m2/repository/org/ow2/asm/asm-commons/7.1/asm-commons-7.1.jar:/Users/thiele/.m2/repository/org/ow2/asm/asm-analysis/7.1/asm-analysis-7.1.jar:/Users/thiele/.m2/repository/org/ow2/asm/asm-tree/7.1/asm-tree-7.1.jar:/Users/thiele/.m2/repository/org/ow2/asm/asm-util/7.1/asm-util-7.1.jar:/Users/thiele/.m2/repository/com/github/jnr/jnr-a64asm/1.0.0/jnr-a64asm-1.0.0.jar:/Users/thiele/.m2/repository/com/github/jnr/jnr-x86asm/1.0.2/jnr-x86asm-1.0.2.jar:/Users/thiele/.m2/repository/com/github/jnr/jnr-constants/0.9.12/jnr-constants-0.9.12.jar:/Users/thiele/.m2/repository/org/javatuples/javatuples/1.2/javatuples-1.2.jar:/Users/thiele/.m2/repository/org/slf4j/slf4j-api/1.7.30/slf4j-api-1.7.30.jar:/Users/thiele/.m2/repository/io/dropwizard/metrics/metrics-core/4.1.9/metrics-core-4.1.9.jar:/Users/thiele/.m2/repository/org/hdrhistogram/HdrHistogram/2.1.11/HdrHistogram-2.1.11.jar:/Users/thiele/.m2/repository/com/esri/geometry/esri-geometry-api/1.2.1/esri-geometry-api-1.2.1.jar:/Users/thiele/.m2/repository/org/json/json/20090211/json-20090211.jar:/Users/thiele/.m2/repository/org/codehaus/jackson/jackson-core-asl/1.9.12/jackson-core-asl-1.9.12.jar:/Users/thiele/.m2/repository/org/apache/tinkerpop/gremlin-core/3.4.5/gremlin-core-3.4.5.jar:/Users/thiele/.m2/repository/org/apache/tinkerpop/gremlin-shaded/3.4.5/gremlin-shaded-3.4.5.jar:/Users/thiele/.m2/repository/commons-configuration/commons-configuration/1.10/commons-configuration-1.10.jar:/Users/thiele/.m2/repository/commons-lang/commons-lang/2.6/commons-lang-2.6.jar:/Users/thiele/.m2/repository/commons-collections/commons-collections/3.2.2/commons-collections-3.2.2.jar:/Users/thiele/.m2/repository/org/apache/commons/commons-lang3/3.10/commons-lang3-3.10.jar:/Users/thiele/.m2/repository/com/carrotsearch/hppc/0.7.1/hppc-0.7.1.jar:/Users/thiele/.m2/repository/com/jcabi/jcabi-manifests/1.1/jcabi-manifests-1.1.jar:/Users/thiele/.m2/repository/com/jcabi/jcabi-log/0.14/jcabi-log-0.14.jar:/Users/thiele/.m2/repository/com/squareup/javapoet/1.8.0/javapoet-1.8.0.jar:/Users/thiele/.m2/repository/net/objecthunter/exp4j/0.4.8/exp4j-0.4.8.jar:/Users/thiele/.m2/repository/org/apache/tinkerpop/tinkergraph-gremlin/3.4.5/tinkergraph-gremlin-3.4.5.jar:/Users/thiele/.m2/repository/org/apache/tinkerpop/gremlin-driver/3.4.5/gremlin-driver-3.4.5.jar:/Users/thiele/.m2/repository/org/codehaus/groovy/groovy/2.5.7/groovy-2.5.7-indy.jar:/Users/thiele/.m2/repository/org/codehaus/groovy/groovy-json/2.5.7/groovy-json-2.5.7-indy.jar:/Users/thiele/.m2/repository/com/fasterxml/jackson/core/jackson-core/2.11.0/jackson-core-2.11.0.jar:/Users/thiele/.m2/repository/com/fasterxml/jackson/core/jackson-databind/2.11.0/jackson-databind-2.11.0.jar:/Users/thiele/.m2/repository/com/fasterxml/jackson/core/jackson-annotations/2.11.0/jackson-annotations-2.11.0.jar:/Users/thiele/.m2/repository/org/reactivestreams/reactive-streams/1.0.3/reactive-streams-1.0.3.jar:/Users/thiele/.m2/repository/com/github/stephenc/jcip/jcip-annotations/1.0-1/jcip-annotations-1.0-1.jar:/Users/thiele/.m2/repository/com/github/spotbugs/spotbugs-annotations/3.1.12/spotbugs-annotations-3.1.12.jar:/Users/thiele/.m2/repository/com/google/code/findbugs/jsr305/3.0.2/jsr305-3.0.2.jar:/Users/thiele/.m2/repository/com/datastax/oss/java-driver-query-builder/4.8.0/java-driver-query-builder-4.8.0.jar:/Users/thiele/.m2/repository/com/datastax/oss/java-driver-mapper-runtime/4.7.2/java-driver-mapper-runtime-4.7.2.jar:/Users/thiele/.m2/repository/ch/qos/logback/logback-classic/1.2.3/logback-classic-1.2.3.jar:/Users/thiele/.m2/repository/ch/qos/logback/logback-core/1.2.3/logback-core-1.2.3.jar:/Users/thiele/.m2/repository/software/aws/mcs/aws-sigv4-auth-cassandra-java-driver-plugin/4.0.3/aws-sigv4-auth-cassandra-java-driver-plugin-4.0.3.jar:/Users/thiele/.m2/repository/com/amazonaws/aws-java-sdk-core/1.11.717/aws-java-sdk-core-1.11.717.jar:/Users/thiele/.m2/repository/commons-logging/commons-logging/1.1.3/commons-logging-1.1.3.jar:/Users/thiele/.m2/repository/org/apache/httpcomponents/httpclient/4.5.12/httpclient-4.5.12.jar:/Users/thiele/.m2/repository/org/apache/httpcomponents/httpcore/4.4.13/httpcore-4.4.13.jar:/Users/thiele/.m2/repository/commons-codec/commons-codec/1.14/commons-codec-1.14.jar:/Users/thiele/.m2/repository/software/amazon/ion/ion-java/1.0.2/ion-java-1.0.2.jar:/Users/thiele/.m2/repository/com/fasterxml/jackson/dataformat/jackson-dataformat-cbor/2.11.0/jackson-dataformat-cbor-2.11.0.jar:/Users/thiele/.m2/repository/joda-time/joda-time/2.8.1/joda-time-2.8.1.jar:/Users/thiele/.m2/repository/javax/validation/validation-api/2.0.1.Final/validation-api-2.0.1.Final.jar:"/>
    <property name="sun.cpu.endian" value="little"/>
    <property name="user.home" value="/Users/thiele"/>
    <property name="user.language" value="en"/>
    <property name="java.specification.vendor" value="Oracle Corporation"/>
    <property name="java.version.date" value="2020-01-14"/>
    <property name="java.home" value="/Library/Java/JavaVirtualMachines/amazon-corretto-11.jdk/Contents/Home"/>
    <property name="file.separator" value="/"/>
    <property name="basedir" value="/Users/thiele/Library/Mobile Documents/iCloud~is~workflow~my~workflows/Documents/programas-java-spring/hello-world-docker/hello-world-docker"/>
    <property name="java.vm.compressedOopsMode" value="Zero based"/>
    <property name="line.separator" value="&#10;"/>
    <property name="java.specification.name" value="Java Platform API Specification"/>
    <property name="java.vm.specification.vendor" value="Oracle Corporation"/>
    <property name="java.awt.graphicsenv" value="sun.awt.CGraphicsEnvironment"/>
    <property name="idea.version2020.1.2" value="true"/>
    <property name="surefire.real.class.path" value="/Users/thiele/Library/Mobile Documents/iCloud~is~workflow~my~workflows/Documents/programas-java-spring/hello-world-docker/hello-world-docker/target/surefire/surefirebooter13643230781134170551.jar"/>
    <property name="sun.management.compiler" value="HotSpot 64-Bit Tiered Compilers"/>
    <property name="ftp.nonProxyHosts" value="local|*.local|169.254/16|*.169.254/16"/>
    <property name="java.runtime.version" value="11.0.6+10-LTS"/>
    <property name="user.name" value="thiele"/>
    <property name="path.separator" value=":"/>
    <property name="os.version" value="10.15.4"/>
    <property name="java.runtime.name" value="OpenJDK Runtime Environment"/>
    <property name="file.encoding" value="UTF-8"/>
    <property name="java.vm.name" value="OpenJDK 64-Bit Server VM"/>
    <property name="java.vendor.version" value="Corretto-11.0.6.10.1"/>
    <property name="localRepository" value="/Users/thiele/.m2/repository"/>
    <property name="java.vendor.url.bug" value="https://github.com/corretto/corretto-11/issues/"/>
    <property name="java.io.tmpdir" value="/var/folders/m_/_4xsf8054wl2mkk2c2nnxn6c0000gn/T/"/>
    <property name="java.version" value="11.0.6"/>
    <property name="user.dir" value="/Users/thiele/Library/Mobile Documents/iCloud~is~workflow~my~workflows/Documents/programas-java-spring/hello-world-docker/hello-world-docker"/>
    <property name="os.arch" value="x86_64"/>
    <property name="java.vm.specification.name" value="Java Virtual Machine Specification"/>
    <property name="java.awt.printerjob" value="sun.lwawt.macosx.CPrinterJob"/>
    <property name="sun.os.patch.level" value="unknown"/>
    <property name="java.library.path" value="/Users/thiele/Library/Java/Extensions:/Library/Java/Extensions:/Network/Library/Java/Extensions:/System/Library/Java/Extensions:/usr/lib/java:."/>
    <property name="java.vendor" value="Amazon.com Inc."/>
    <property name="java.vm.info" value="mixed mode"/>
    <property name="java.vm.version" value="11.0.6+10-LTS"/>
    <property name="sun.io.unicode.encoding" value="UnicodeBig"/>
    <property name="java.class.version" value="55.0"/>
    <property name="socksNonProxyHosts" value="local|*.local|169.254/16|*.169.254/16"/>
  </properties>
  <testcase name="contextLoads" classname="com.helloworld.helloworld.HelloworldApplicationTests" time="1.426"/>
</testsuite>